HTTP Error 400: Bad Request
{"traceback": "Traceback (most recent call last):\n  File \"/home/galaxy/galaxy-dist/lib/galaxy/web/framework/decorators.py\", line 244, in decorator\n    rval = func( self, trans, *args, **kwargs)\n  File \"/home/galaxy/galaxy-dist/lib/galaxy/webapps/galaxy/api/tool_shed_repositories.py\", line 246, in install_repository_revision\n    payload )\n  File \"/home/galaxy/galaxy-dist/lib/tool_shed/galaxy_install/install_manager.py\", line 705, in install\n    install_options )\n  File \"/home/galaxy/galaxy-dist/lib/tool_shed/galaxy_install/install_manager.py\", line 811, in __install_repositories\n    raise exceptions.RequestParameterInvalidException( 'All repositories that you are attempting to install have been previously installed.' )\nRequestParameterInvalidException: All repositories that you are attempting to install have been previously installed.\n", "err_msg": "All repositories that you are attempting to install have been previously installed.", "err_code": 400008}
Response
--------
/galaxy/api/tool_shed_repositories/df7a1f0c02a5b08e
  name: imp_exp
  status: Installed
  tool_shed_status: {u'latest_installable_revision': u'True', u'revision_update': u'False', u'revision_upgrade': u'False', u'repository_deprecated': u'False'}
  deleted: False
  ctx_rev: 2
  error_message: 
  dist_to_shed: False
  tool_shed: testtoolshed.g2.bx.psu.edu
  installed_changeset_revision: 4c225e57d44b
  uninstalled: False
  owner: pitagora
  changeset_revision: 4c225e57d44b
  id: df7a1f0c02a5b08e
  includes_datatypes: False
Response
--------
/galaxy/api/tool_shed_repositories/0a248a1f62a0cc04
  name: unix_tools
  status: Installed
  tool_shed_status: {u'latest_installable_revision': u'True', u'revision_update': u'False', u'revision_upgrade': u'False', u'repository_deprecated': u'False'}
  deleted: False
  ctx_rev: 2
  error_message: 
  dist_to_shed: False
  tool_shed: testtoolshed.g2.bx.psu.edu
  installed_changeset_revision: 8fd5091a4091
  uninstalled: False
  owner: pitagora
  changeset_revision: 8fd5091a4091
  id: 0a248a1f62a0cc04
  includes_datatypes: False
Response
--------
/galaxy/api/tool_shed_repositories/1cd8e2f6b131e891
  name: package_bowtie_2_2_4
  status: Installed
  tool_shed_status: {u'latest_installable_revision': u'True', u'revision_update': u'False', u'revision_upgrade': u'False', u'repository_deprecated': u'False'}
  deleted: False
  ctx_rev: 1
  error_message: 
  dist_to_shed: False
  tool_shed: toolshed.g2.bx.psu.edu
  installed_changeset_revision: 172979b6bf77
  uninstalled: False
  owner: devteam
  changeset_revision: 172979b6bf77
  id: 1cd8e2f6b131e891
  includes_datatypes: False
/galaxy/api/tool_shed_repositories/f597429621d6eb2b
  name: bowtie2
  status: Installed
  tool_shed_status: {u'latest_installable_revision': u'True', u'revision_update': u'False', u'revision_upgrade': u'False', u'repository_deprecated': u'False'}
  deleted: False
  ctx_rev: 2
  error_message: 
  dist_to_shed: False
  tool_shed: toolshed.g2.bx.psu.edu
  installed_changeset_revision: c1ec08cb34f9
  uninstalled: False
  owner: devteam
  changeset_revision: c1ec08cb34f9
  id: f597429621d6eb2b
  includes_datatypes: False
/galaxy/api/tool_shed_repositories/ebfb8f50c6abde6d
  name: package_samtools_0_1_18
  status: Installed
  tool_shed_status: {u'latest_installable_revision': u'True', u'revision_update': u'False', u'revision_upgrade': u'False', u'repository_deprecated': u'False'}
  deleted: False
  ctx_rev: 2
  error_message: 
  dist_to_shed: False
  tool_shed: toolshed.g2.bx.psu.edu
  installed_changeset_revision: 171cd8bc208d
  uninstalled: False
  owner: devteam
  changeset_revision: 171cd8bc208d
  id: ebfb8f50c6abde6d
  includes_datatypes: False
Response
--------
/galaxy/api/tool_shed_repositories/03501d7626bd192f
  name: bwa_wrappers
  status: Installed
  tool_shed_status: {u'latest_installable_revision': u'True', u'revision_update': u'False', u'revision_upgrade': u'False', u'repository_deprecated': u'False'}
  deleted: False
  ctx_rev: 3
  error_message: 
  dist_to_shed: False
  tool_shed: toolshed.g2.bx.psu.edu
  installed_changeset_revision: b4427dbb6ced
  uninstalled: False
  owner: devteam
  changeset_revision: b4427dbb6ced
  id: 03501d7626bd192f
  includes_datatypes: False
/galaxy/api/tool_shed_repositories/3f5830403180d620
  name: package_bwa_0_5_9
  status: Installed
  tool_shed_status: {u'latest_installable_revision': u'True', u'revision_update': u'False', u'revision_upgrade': u'False', u'repository_deprecated': u'False'}
  deleted: False
  ctx_rev: 2
  error_message: 
  dist_to_shed: False
  tool_shed: toolshed.g2.bx.psu.edu
  installed_changeset_revision: ec2595e4d313
  uninstalled: False
  owner: devteam
  changeset_revision: ec2595e4d313
  id: 3f5830403180d620
  includes_datatypes: False
Response
--------
/galaxy/api/tool_shed_repositories/4b187121143038ff
  name: package_r_3_1_2
  status: Installed
  tool_shed_status: {u'latest_installable_revision': u'True', u'revision_update': u'False', u'revision_upgrade': u'False', u'repository_deprecated': u'False'}
  deleted: False
  ctx_rev: 0
  error_message: 
  dist_to_shed: False
  tool_shed: toolshed.g2.bx.psu.edu
  installed_changeset_revision: 7cb487a32bde
  uninstalled: False
  owner: iuc
  changeset_revision: 7cb487a32bde
  id: 4b187121143038ff
  includes_datatypes: False
/galaxy/api/tool_shed_repositories/c9468fdb6dc5c5f1
  name: package_cufflinks_2_2_1
  status: Installed
  tool_shed_status: {u'latest_installable_revision': u'True', u'revision_update': u'False', u'revision_upgrade': u'False', u'repository_deprecated': u'False'}
  deleted: False
  ctx_rev: 0
  error_message: 
  dist_to_shed: False
  tool_shed: toolshed.g2.bx.psu.edu
  installed_changeset_revision: 899067a260d1
  uninstalled: False
  owner: devteam
  changeset_revision: 899067a260d1
  id: c9468fdb6dc5c5f1
  includes_datatypes: False
/galaxy/api/tool_shed_repositories/e85a3be143d5905b
  name: cuffdiff
  status: Installed
  tool_shed_status: {u'latest_installable_revision': u'True', u'revision_update': u'False', u'revision_upgrade': u'False', u'repository_deprecated': u'False'}
  deleted: False
  ctx_rev: 8
  error_message: 
  dist_to_shed: False
  tool_shed: toolshed.g2.bx.psu.edu
  installed_changeset_revision: 88fcac97c2a0
  uninstalled: False
  owner: devteam
  changeset_revision: 88fcac97c2a0
  id: e85a3be143d5905b
  includes_datatypes: False
/galaxy/api/tool_shed_repositories/2a56795cad3c7db3
  name: package_cummerbund_2_8_2
  status: Installed
  tool_shed_status: {u'latest_installable_revision': u'True', u'revision_update': u'False', u'revision_upgrade': u'False', u'repository_deprecated': u'False'}
  deleted: False
  ctx_rev: 2
  error_message: 
  dist_to_shed: False
  tool_shed: toolshed.g2.bx.psu.edu
  installed_changeset_revision: d9d166e54a21
  uninstalled: False
  owner: iuc
  changeset_revision: d9d166e54a21
  id: 2a56795cad3c7db3
  includes_datatypes: False
Response
--------
/galaxy/api/tool_shed_repositories/1e8ab44153008be8
  name: cufflinks
  status: Installed
  tool_shed_status: {u'latest_installable_revision': u'True', u'revision_update': u'False', u'revision_upgrade': u'False', u'repository_deprecated': u'False'}
  deleted: False
  ctx_rev: 7
  error_message: 
  dist_to_shed: False
  tool_shed: toolshed.g2.bx.psu.edu
  installed_changeset_revision: 5346d5eea8b1
  uninstalled: False
  owner: devteam
  changeset_revision: 5346d5eea8b1
  id: 1e8ab44153008be8
  includes_datatypes: False
HTTP Error 400: Bad Request
{"traceback": "Traceback (most recent call last):\n  File \"/home/galaxy/galaxy-dist/lib/galaxy/web/framework/decorators.py\", line 244, in decorator\n    rval = func( self, trans, *args, **kwargs)\n  File \"/home/galaxy/galaxy-dist/lib/galaxy/webapps/galaxy/api/tool_shed_repositories.py\", line 246, in install_repository_revision\n    payload )\n  File \"/home/galaxy/galaxy-dist/lib/tool_shed/galaxy_install/install_manager.py\", line 701, in install\n    changeset_revision )\n  File \"/home/galaxy/galaxy-dist/lib/tool_shed/galaxy_install/install_manager.py\", line 502, in __get_install_info_from_tool_shed\n    raise exceptions.RequestParameterInvalidException( invalid_parameter_message )\nRequestParameterInvalidException: No information is available for the requested repository revision.\nOne or more of the following parameter values is likely invalid:\ntool_shed_url: https://toolshed.g2.bx.psu.edu/\nname: fascqc\nowner: devteam\nchangeset_revision: e28c965eeed4\n\n", "err_msg": "No information is available 
HTTP Error 400: Bad Request
{"traceback": "Traceback (most recent call last):\n  File \"/home/galaxy/galaxy-dist/lib/galaxy/web/framework/decorators.py\", line 244, in decorator\n    rval = func( self, trans, *args, **kwargs)\n  File \"/home/galaxy/galaxy-dist/lib/galaxy/webapps/galaxy/api/tool_shed_repositories.py\", line 246, in install_repository_revision\n    payload )\n  File \"/home/galaxy/galaxy-dist/lib/tool_shed/galaxy_install/install_manager.py\", line 701, in install\n    changeset_revision )\n  File \"/home/galaxy/galaxy-dist/lib/tool_shed/galaxy_install/install_manager.py\", line 502, in __get_install_info_from_tool_shed\n    raise exceptions.RequestParameterInvalidException( invalid_parameter_message )\nRequestParameterInvalidException: No information is available for the requested repository revision.\nOne or more of the following parameter values is likely invalid:\ntool_shed_url: https://toolshed.g2.bx.psu.edu/\nname: fascqc\nowner: devteam\nchangeset_revision: d2cf2c0c8a11\n\n", "err_msg": "No information is available 
HTTP Error 400: Bad Request
{"traceback": "Traceback (most recent call last):\n  File \"/home/galaxy/galaxy-dist/lib/galaxy/web/framework/decorators.py\", line 244, in decorator\n    rval = func( self, trans, *args, **kwargs)\n  File \"/home/galaxy/galaxy-dist/lib/galaxy/webapps/galaxy/api/tool_shed_repositories.py\", line 246, in install_repository_revision\n    payload )\n  File \"/home/galaxy/galaxy-dist/lib/tool_shed/galaxy_install/install_manager.py\", line 701, in install\n    changeset_revision )\n  File \"/home/galaxy/galaxy-dist/lib/tool_shed/galaxy_install/install_manager.py\", line 502, in __get_install_info_from_tool_shed\n    raise exceptions.RequestParameterInvalidException( invalid_parameter_message )\nRequestParameterInvalidException: No information is available for the requested repository revision.\nOne or more of the following parameter values is likely invalid:\ntool_shed_url: https://toolshed.g2.bx.psu.edu/\nname: fascqc\nowner: devteam\nchangeset_revision: 0b201de108b9\n\n", "err_msg": "No information is available 
Response
--------
/galaxy/api/tool_shed_repositories/417e33144b294c21
  name: join
  status: Installed
  tool_shed_status: {u'latest_installable_revision': u'True', u'revision_update': u'False', u'revision_upgrade': u'False', u'repository_deprecated': u'False'}
  deleted: False
  ctx_rev: 2
  error_message: 
  dist_to_shed: False
  tool_shed: toolshed.g2.bx.psu.edu
  installed_changeset_revision: de21bdbb8d28
  uninstalled: False
  owner: devteam
  changeset_revision: de21bdbb8d28
  id: 417e33144b294c21
  includes_datatypes: False
/galaxy/api/tool_shed_repositories/5a1cff6882ddb5b2
  name: package_galaxy_ops_1_0_0
  status: Installed
  tool_shed_status: {u'latest_installable_revision': u'True', u'revision_update': u'False', u'revision_upgrade': u'False', u'repository_deprecated': u'False'}
  deleted: False
  ctx_rev: 1
  error_message: 
  dist_to_shed: False
  tool_shed: toolshed.g2.bx.psu.edu
  installed_changeset_revision: 9cbb20b85c01
  uninstalled: False
  owner: devteam
  changeset_revision: 9cbb20b85c01
  id: 5a1cff6882ddb5b2
  includes_datatypes: False
/galaxy/api/tool_shed_repositories/2d9035b3fc152403
  name: package_bx_python_0_7
  status: Installed
  tool_shed_status: {u'latest_installable_revision': u'True', u'revision_update': u'False', u'revision_upgrade': u'False', u'repository_deprecated': u'False'}
  deleted: False
  ctx_rev: 1
  error_message: 
  dist_to_shed: False
  tool_shed: toolshed.g2.bx.psu.edu
  installed_changeset_revision: 2d0c08728bca
  uninstalled: False
  owner: devteam
  changeset_revision: 2d0c08728bca
  id: 2d9035b3fc152403
  includes_datatypes: False
Response
--------
/galaxy/api/tool_shed_repositories/8237ee2988567c1c
  name: package_r_2_15_0
  status: Installed
  tool_shed_status: {u'latest_installable_revision': u'True', u'revision_update': u'False', u'revision_upgrade': u'False', u'repository_deprecated': u'False'}
  deleted: False
  ctx_rev: 4
  error_message: 
  dist_to_shed: False
  tool_shed: toolshed.g2.bx.psu.edu
  installed_changeset_revision: 6c34eaa82fed
  uninstalled: False
  owner: devteam
  changeset_revision: 6c34eaa82fed
  id: 8237ee2988567c1c
  includes_datatypes: False
/galaxy/api/tool_shed_repositories/2f94e8ae9edff68a
  name: package_macs_1_3_7_1
  status: Installed
  tool_shed_status: {u'latest_installable_revision': u'True', u'revision_update': u'False', u'revision_upgrade': u'False', u'repository_deprecated': u'False'}
  deleted: False
  ctx_rev: 0
  error_message: 
  dist_to_shed: False
  tool_shed: toolshed.g2.bx.psu.edu
  installed_changeset_revision: a7ea583a35d2
  uninstalled: False
  owner: devteam
  changeset_revision: a7ea583a35d2
  id: 2f94e8ae9edff68a
  includes_datatypes: False
/galaxy/api/tool_shed_repositories/d413a19dec13d11e
  name: macs
  status: Installed
  tool_shed_status: {u'latest_installable_revision': u'True', u'revision_update': u'False', u'revision_upgrade': u'False', u'repository_deprecated': u'False'}
  deleted: False
  ctx_rev: 0
  error_message: 
  dist_to_shed: False
  tool_shed: toolshed.g2.bx.psu.edu
  installed_changeset_revision: ae2ec275332a
  uninstalled: False
  owner: devteam
  changeset_revision: ae2ec275332a
  id: d413a19dec13d11e
  includes_datatypes: False
HTTP Error 500: Internal Server Error
{"traceback": "Traceback (most recent call last):\n  File \"/home/galaxy/galaxy-dist/lib/galaxy/web/framework/decorators.py\", line 244, in decorator\n    rval = func( self, trans, *args, **kwargs)\n  File \"/home/galaxy/galaxy-dist/lib/galaxy/webapps/galaxy/api/tool_shed_repositories.py\", line 246, in install_repository_revision\n    payload )\n  File \"/home/galaxy/galaxy-dist/lib/tool_shed/galaxy_install/install_manager.py\", line 705, in install\n    install_options )\n  File \"/home/galaxy/galaxy-dist/lib/tool_shed/galaxy_install/install_manager.py\", line 807, in __install_repositories\n    reinstalling=False )\n  File \"/home/galaxy/galaxy-dist/lib/tool_shed/galaxy_install/install_manager.py\", line 828, in install_tool_shed_repository\n    repo_info_tuple = repo_info_dict[ tool_shed_repository.name ]\nKeyError: 'package_macs_1_4_2'\n", "err_msg": "Uncaught exception in exposed API method:", "err_code": 0}
Response
--------
/galaxy/api/tool_shed_repositories/ba751ee0539fff04
  name: sam_to_bam
  status: Installed
  tool_shed_status: {u'latest_installable_revision': u'True', u'revision_update': u'False', u'revision_upgrade': u'False', u'repository_deprecated': u'False'}
  deleted: False
  ctx_rev: 4
  error_message: 
  dist_to_shed: False
  tool_shed: toolshed.g2.bx.psu.edu
  installed_changeset_revision: 8176b2575aa1
  uninstalled: False
  owner: devteam
  changeset_revision: 8176b2575aa1
  id: ba751ee0539fff04
  includes_datatypes: False
Response
--------
/galaxy/api/tool_shed_repositories/63cd3858d057a6d1
  name: sql_tools
  status: Installed
  tool_shed_status: {u'latest_installable_revision': u'True', u'revision_update': u'False', u'revision_upgrade': u'False', u'repository_deprecated': u'False'}
  deleted: False
  ctx_rev: 8
  error_message: 
  dist_to_shed: False
  tool_shed: toolshed.g2.bx.psu.edu
  installed_changeset_revision: 51847f1c0acb
  uninstalled: False
  owner: sem4j
  changeset_revision: 51847f1c0acb
  id: 63cd3858d057a6d1
  includes_datatypes: False
HTTP Error 500: Internal Server Error
{"traceback": "Traceback (most recent call last):\n  File \"/home/galaxy/galaxy-dist/lib/galaxy/web/framework/decorators.py\", line 244, in decorator\n    rval = func( self, trans, *args, **kwargs)\n  File \"/home/galaxy/galaxy-dist/lib/galaxy/webapps/galaxy/api/tool_shed_repositories.py\", line 246, in install_repository_revision\n    payload )\n  File \"/home/galaxy/galaxy-dist/lib/tool_shed/galaxy_install/install_manager.py\", line 705, in install\n    install_options )\n  File \"/home/galaxy/galaxy-dist/lib/tool_shed/galaxy_install/install_manager.py\", line 807, in __install_repositories\n    reinstalling=False )\n  File \"/home/galaxy/galaxy-dist/lib/tool_shed/galaxy_install/install_manager.py\", line 828, in install_tool_shed_repository\n    repo_info_tuple = repo_info_dict[ tool_shed_repository.name ]\nKeyError: 'package_tophat2_2_0_9'\n", "err_msg": "Uncaught exception in exposed API method:", "err_code": 0}
Response
--------
/galaxy/api/tool_shed_repositories/e89067bb68bee7a0
  name: cuffmerge
  status: Installed
  tool_shed_status: {u'latest_installable_revision': u'True', u'revision_update': u'False', u'revision_upgrade': u'False', u'repository_deprecated': u'False'}
  deleted: False
  ctx_rev: 10
  error_message: 
  dist_to_shed: False
  tool_shed: toolshed.g2.bx.psu.edu
  installed_changeset_revision: b6e3849293b1
  uninstalled: False
  owner: devteam
  changeset_revision: b6e3849293b1
  id: e89067bb68bee7a0
  includes_datatypes: False
